<?xml version="1.0" encoding="UTF-8"?>
<testng-results ignored="0" total="3" passed="3" failed="0" skipped="0">
  <reporter-output>
  </reporter-output>
  <suite started-at="2022-11-10T08:31:57 IST" name="Default suite" finished-at="2022-11-10T08:32:01 IST" duration-ms="3803">
    <groups>
    </groups>
    <test started-at="2022-11-10T08:31:57 IST" name="Default test" finished-at="2022-11-10T08:32:01 IST" duration-ms="3803">
      <class name="RestAPI.RestAPI2.Log4jGetPost">
        <test-method is-config="true" signature="setup()[pri:0, instance:RestAPI.RestAPI2.Log4jGetPost@3aa078fd]" started-at="2022-11-10T08:31:57 IST" name="setup" finished-at="2022-11-10T08:31:57 IST" duration-ms="61" status="PASS">
          <reporter-output>
          </reporter-output>
        </test-method> <!-- setup -->
        <test-method signature="postData()[pri:0, instance:RestAPI.RestAPI2.Log4jGetPost@3aa078fd]" started-at="2022-11-10T08:31:58 IST" name="postData" finished-at="2022-11-10T08:31:58 IST" duration-ms="298" status="PASS">
          <reporter-output>
          </reporter-output>
        </test-method> <!-- postData -->
        <test-method signature="createUser()[pri:1, instance:RestAPI.RestAPI2.Log4jGetPost@3aa078fd]" started-at="2022-11-10T08:31:58 IST" name="createUser" finished-at="2022-11-10T08:32:00 IST" duration-ms="2332" status="PASS">
          <reporter-output>
          </reporter-output>
        </test-method> <!-- createUser -->
        <test-method signature="getUser()[pri:2, instance:RestAPI.RestAPI2.Log4jGetPost@3aa078fd]" started-at="2022-11-10T08:32:00 IST" name="getUser" finished-at="2022-11-10T08:32:01 IST" duration-ms="1082" status="PASS">
          <reporter-output>
          </reporter-output>
        </test-method> <!-- getUser -->
      </class> <!-- RestAPI.RestAPI2.Log4jGetPost -->
    </test> <!-- Default test -->
  </suite> <!-- Default suite -->
</testng-results>
