<?xml version="1.0" encoding="UTF-8"?>
<!-- Generated by org.testng.reporters.JUnitXMLReporter -->
<testsuite ignored="0" hostname="ASIA31064" failures="0" tests="3" name="Default test" time="3.803" errors="0" timestamp="2022-11-10T08:32:01 IST">
  <testcase classname="RestAPI.RestAPI2.Log4jGetPost" name="postData" time="0.298"/>
  <testcase classname="RestAPI.RestAPI2.Log4jGetPost" name="createUser" time="2.332"/>
  <testcase classname="RestAPI.RestAPI2.Log4jGetPost" name="getUser" time="1.082"/>
</testsuite> <!-- Default test -->
